::1 - - [17/Apr/2024:22:52:40 +0000] "GET /api/users HTTP/1.1" 200 613 "-" "PostmanRuntime/7.37.3"
::1 - - [17/Apr/2024:22:53:59 +0000] "POST /api/auth/login HTTP/1.1" 500 869 "-" "PostmanRuntime/7.37.3"
::1 - - [17/Apr/2024:22:54:31 +0000] "POST /api/auth/login HTTP/1.1" 401 216 "-" "PostmanRuntime/7.37.3"
::1 - - [17/Apr/2024:22:55:13 +0000] "POST /api/auth/login HTTP/1.1" 401 1491 "-" "PostmanRuntime/7.37.3"
::1 - - [17/Apr/2024:22:55:27 +0000] "POST /api/auth/login HTTP/1.1" 401 1491 "-" "PostmanRuntime/7.37.3"
::1 - - [17/Apr/2024:22:55:48 +0000] "POST /api/auth/login HTTP/1.1" 401 216 "-" "PostmanRuntime/7.37.3"
::1 - - [17/Apr/2024:22:56:12 +0000] "POST /api/auth/login HTTP/1.1" 401 299 "-" "PostmanRuntime/7.37.3"
::1 - - [17/Apr/2024:22:56:23 +0000] "POST /api/auth/login HTTP/1.1" 401 299 "-" "PostmanRuntime/7.37.3"
::1 - - [17/Apr/2024:22:56:31 +0000] "POST /api/auth/login HTTP/1.1" 200 203 "-" "PostmanRuntime/7.37.3"
::1 - - [17/Apr/2024:22:56:46 +0000] "GET /api/users HTTP/1.1" 200 613 "-" "PostmanRuntime/7.37.3"
::1 - - [17/Apr/2024:23:05:00 +0000] "GET /api/users HTTP/1.1" 500 1321 "-" "PostmanRuntime/7.37.3"
::1 - - [17/Apr/2024:23:08:24 +0000] "GET /api/users HTTP/1.1" 200 613 "-" "PostmanRuntime/7.37.3"
::1 - - [17/Apr/2024:23:08:33 +0000] "GET /api/users HTTP/1.1" 500 1288 "-" "PostmanRuntime/7.37.3"
::1 - - [17/Apr/2024:23:08:43 +0000] "GET /api/users HTTP/1.1" 500 1321 "-" "PostmanRuntime/7.37.3"
::1 - - [17/Apr/2024:23:10:48 +0000] "POST /api/auth/login HTTP/1.1" 200 203 "-" "PostmanRuntime/7.37.3"
::1 - - [17/Apr/2024:23:11:33 +0000] "POST /api/auth/login HTTP/1.1" 200 203 "-" "PostmanRuntime/7.37.3"
::1 - - [17/Apr/2024:23:12:00 +0000] "POST /api/auth/login HTTP/1.1" 200 203 "-" "PostmanRuntime/7.37.3"
::1 - - [17/Apr/2024:23:12:17 +0000] "POST /api/auth/login HTTP/1.1" 200 203 "-" "PostmanRuntime/7.37.3"
::1 - - [17/Apr/2024:23:12:34 +0000] "POST /api/auth/login HTTP/1.1" 200 203 "-" "PostmanRuntime/7.37.3"
::1 - - [17/Apr/2024:23:12:57 +0000] "POST /api/auth/login HTTP/1.1" 200 203 "-" "PostmanRuntime/7.37.3"
::1 - - [17/Apr/2024:23:13:18 +0000] "POST /api/auth/login HTTP/1.1" 200 203 "-" "PostmanRuntime/7.37.3"
::1 - - [17/Apr/2024:23:13:35 +0000] "POST /api/auth/login HTTP/1.1" 200 203 "-" "PostmanRuntime/7.37.3"
::1 - - [17/Apr/2024:23:13:50 +0000] "POST /api/auth/login HTTP/1.1" 200 203 "-" "PostmanRuntime/7.37.3"
::1 - - [17/Apr/2024:23:14:34 +0000] "POST /api/auth/login HTTP/1.1" 200 203 "-" "PostmanRuntime/7.37.3"
::1 - - [17/Apr/2024:23:15:05 +0000] "POST /api/auth/login HTTP/1.1" 200 203 "-" "PostmanRuntime/7.37.3"
::1 - - [17/Apr/2024:23:15:22 +0000] "POST /api/auth/login HTTP/1.1" 200 203 "-" "PostmanRuntime/7.37.3"
::1 - - [17/Apr/2024:23:15:56 +0000] "POST /api/auth/login HTTP/1.1" 200 203 "-" "PostmanRuntime/7.37.3"
::1 - - [17/Apr/2024:23:16:24 +0000] "POST /api/auth/login HTTP/1.1" 200 203 "-" "PostmanRuntime/7.37.3"
::1 - - [17/Apr/2024:23:16:34 +0000] "POST /api/auth/login HTTP/1.1" 200 203 "-" "PostmanRuntime/7.37.3"
::1 - - [17/Apr/2024:23:16:43 +0000] "POST /api/auth/login HTTP/1.1" 200 203 "-" "PostmanRuntime/7.37.3"
::1 - - [17/Apr/2024:23:16:48 +0000] "POST /api/auth/login HTTP/1.1" 200 203 "-" "PostmanRuntime/7.37.3"
::1 - - [17/Apr/2024:23:16:58 +0000] "POST /api/auth/login HTTP/1.1" 200 203 "-" "PostmanRuntime/7.37.3"
::1 - - [17/Apr/2024:23:17:43 +0000] "POST /api/auth/login HTTP/1.1" 200 203 "-" "PostmanRuntime/7.37.3"
::1 - - [17/Apr/2024:23:18:05 +0000] "GET /api/users HTTP/1.1" 200 613 "-" "PostmanRuntime/7.37.3"
::1 - - [17/Apr/2024:23:35:33 +0000] "GET /api/users HTTP/1.1" 200 613 "-" "PostmanRuntime/7.37.3"
::1 - - [17/Apr/2024:23:35:37 +0000] "GET /api/users HTTP/1.1" 200 613 "-" "PostmanRuntime/7.37.3"
::1 - - [17/Apr/2024:23:35:53 +0000] "GET /api/users HTTP/1.1" 500 1320 "-" "PostmanRuntime/7.37.3"
::1 - - [17/Apr/2024:23:38:11 +0000] "POST /api/users HTTP/1.1" 500 1320 "-" "PostmanRuntime/7.37.3"
::1 - - [17/Apr/2024:23:38:33 +0000] "POST /api/auth/login HTTP/1.1" 200 203 "-" "PostmanRuntime/7.37.3"
::1 - - [17/Apr/2024:23:38:59 +0000] "POST /api/users HTTP/1.1" 403 1457 "-" "PostmanRuntime/7.37.3"
::1 - - [17/Apr/2024:23:39:34 +0000] "POST /api/passengers HTTP/1.1" 403 1486 "-" "PostmanRuntime/7.37.3"
::1 - - [17/Apr/2024:23:39:50 +0000] "GET /api/passengers HTTP/1.1" 403 1486 "-" "PostmanRuntime/7.37.3"
::1 - - [17/Apr/2024:23:41:51 +0000] "POST /api/auth/login HTTP/1.1" 200 203 "-" "PostmanRuntime/7.37.3"
::1 - - [17/Apr/2024:23:42:01 +0000] "GET /api/users HTTP/1.1" 403 1457 "-" "PostmanRuntime/7.37.3"
::1 - - [17/Apr/2024:23:42:06 +0000] "GET /api/users HTTP/1.1" 403 1457 "-" "PostmanRuntime/7.37.3"
::1 - - [17/Apr/2024:23:42:10 +0000] "POST /api/auth/login HTTP/1.1" 200 203 "-" "PostmanRuntime/7.37.3"
::1 - - [17/Apr/2024:23:42:17 +0000] "GET /api/users HTTP/1.1" 403 1457 "-" "PostmanRuntime/7.37.3"
::1 - - [17/Apr/2024:23:43:06 +0000] "GET /api/users HTTP/1.1" 500 1456 "-" "PostmanRuntime/7.37.3"
::1 - - [17/Apr/2024:23:43:16 +0000] "GET /api/users HTTP/1.1" 403 1457 "-" "PostmanRuntime/7.37.3"
::1 - - [17/Apr/2024:23:44:02 +0000] "GET /api/users HTTP/1.1" 403 1457 "-" "PostmanRuntime/7.37.3"
::1 - - [17/Apr/2024:23:44:38 +0000] "GET /api/users HTTP/1.1" 200 611 "-" "PostmanRuntime/7.37.3"
::1 - - [17/Apr/2024:23:44:53 +0000] "POST /api/users HTTP/1.1" 201 312 "-" "PostmanRuntime/7.37.3"
::1 - - [17/Apr/2024:23:45:01 +0000] "POST /api/auth/login HTTP/1.1" 200 203 "-" "PostmanRuntime/7.37.3"
::1 - - [17/Apr/2024:23:45:04 +0000] "GET /api/users HTTP/1.1" 403 1457 "-" "PostmanRuntime/7.37.3"
::1 - - [17/Apr/2024:23:45:12 +0000] "GET /api/passengers HTTP/1.1" 403 1486 "-" "PostmanRuntime/7.37.3"
::1 - - [17/Apr/2024:23:45:20 +0000] "POST /api/auth/login HTTP/1.1" 200 203 "-" "PostmanRuntime/7.37.3"
::1 - - [17/Apr/2024:23:45:26 +0000] "GET /api/passengers HTTP/1.1" 200 269 "-" "PostmanRuntime/7.37.3"
